<?xml version="1.0" encoding="UTF-8"?>
<Site BuildName="(empty)"
	BuildStamp="20240918-1524-Experimental"
	Name="vincent"
	Generator="ctest-3.22.1"
	CompilerName="/usr/bin/c++"
	CompilerVersion="11.4.0"
	OSName="Linux"
	Hostname="vincent"
	OSRelease="6.8.0-40-generic"
	OSVersion="#40~22.04.3-Ubuntu SMP PREEMPT_DYNAMIC Tue Jul 30 17:30:19 UTC 2"
	OSPlatform="x86_64"
	Is64Bits="1"
	VendorString="AuthenticAMD"
	VendorID="Advanced Micro Devices"
	FamilyID="25"
	ModelID="116"
	ProcessorCacheSize="1024"
	NumberOfLogicalCPU="16"
	NumberOfPhysicalCPU="8"
	TotalVirtualMemory="2047"
	TotalPhysicalMemory="15167"
	LogicalProcessorsPerPhysical="2"
	ProcessorClockFrequency="4378.32"
	>
	<Testing>
		<StartDateTime>Sep 19 01:50 AEST</StartDateTime>
		<StartTestTime>1726674629</StartTestTime>
		<TestList/>
		<EndDateTime>Sep 19 01:50 AEST</EndDateTime>
		<EndTestTime>1726674629</EndTestTime>
		<ElapsedMinutes>0</ElapsedMinutes>
	</Testing>
</Site>
