<?xml version="1.0" encoding="UTF-8"?>
<Site BuildName="(empty)"
	BuildStamp="20240826-1454-Experimental"
	Name="vincent"
	Generator="ctest-3.22.1"
	CompilerName="/usr/bin/c++"
	CompilerVersion="11.4.0"
	OSName="Linux"
	Hostname="vincent"
	OSRelease="6.5.0-45-generic"
	OSVersion="#45~22.04.1-Ubuntu SMP PREEMPT_DYNAMIC Mon Jul 15 16:40:02 UTC 2"
	OSPlatform="x86_64"
	Is64Bits="1"
	VendorString="AuthenticAMD"
	VendorID="Advanced Micro Devices"
	FamilyID="25"
	ModelID="116"
	ProcessorCacheSize="1024"
	NumberOfLogicalCPU="16"
	NumberOfPhysicalCPU="8"
	TotalVirtualMemory="2047"
	TotalPhysicalMemory="15159"
	LogicalProcessorsPerPhysical="2"
	ProcessorClockFrequency="4372.42"
	>
	<Testing>
		<StartDateTime>Aug 27 01:06 AEST</StartDateTime>
		<StartTestTime>1724684792</StartTestTime>
		<TestList/>
		<EndDateTime>Aug 27 01:06 AEST</EndDateTime>
		<EndTestTime>1724684792</EndTestTime>
		<ElapsedMinutes>0</ElapsedMinutes>
	</Testing>
</Site>
